<?xml version="1.0" encoding="UTF-8"?>
<!-- Generated by org.testng.reporters.JUnitReportReporter -->
<testsuite hostname="DESKTOP-K9KLLVF" failures="0" tests="2" name="org.test.Group2" time="0.017" errors="0" timestamp="14 Mar 2021 06:18:12 GMT" skipped="0">
  <testcase classname="org.test.Group2" name="tc21" time="0.006"/>
  <testcase classname="org.test.Group2" name="tc22" time="0.011"/>
</testsuite> <!-- org.test.Group2 -->
