<?xml version="1.0" encoding="UTF-8"?>
<!-- Generated by org.testng.reporters.JUnitReportReporter -->
<testsuite hostname="DESKTOP-K9KLLVF" failures="0" tests="1" name="org.test.Group1" time="0.038" errors="0" timestamp="14 Mar 2021 06:18:12 GMT" skipped="0">
  <testcase classname="org.test.Group1" name="tc11" time="0.038"/>
</testsuite> <!-- org.test.Group1 -->
