<?xml version="1.0" encoding="UTF-8"?>
<!-- Generated by org.testng.reporters.JUnitReportReporter -->
<testsuite hostname="DESKTOP-K9KLLVF" failures="0" tests="1" name="org.test.Paramete" time="15.164" errors="0" timestamp="13 Mar 2021 07:51:42 GMT" skipped="0">
  <testcase classname="org.test.Paramete" name="tc1" time="15.164"/>
</testsuite> <!-- org.test.Paramete -->
