<?xml version="1.0" encoding="UTF-8"?>
<!-- Generated by org.testng.reporters.JUnitReportReporter -->
<testsuite hostname="DESKTOP-K9KLLVF" failures="0" tests="3" name="org.test.DataProvidr" time="39.893" errors="0" timestamp="13 Mar 2021 11:05:20 GMT" skipped="0">
  <testcase classname="org.test.DataProvidr" name="tc2" time="31.035"/>
  <testcase classname="org.test.DataProvidr" name="tc2" time="1.768"/>
  <testcase classname="org.test.DataProvidr" name="tc2" time="7.090"/>
</testsuite> <!-- org.test.DataProvidr -->
